This is pdfTeX, Version 3.14159265-2.6-1.40.20 (MiKTeX 2.9.7140 64-bit) (preloaded format=pdflatex 2019.9.12)  12 SEP 2019 20:37
entering extended mode
**"C:/Users/Daniel Kim/Documents/CU Fall 2019/DiscreteStructures/HW/HW2_tex_tem
plate.tex"

("C:/Users/Daniel Kim/Documents/CU Fall 2019/DiscreteStructures/HW/HW2_tex_temp
late.tex"
LaTeX2e <2018-12-01>

("C:\Users\Daniel Kim\AppData\Local\Programs\MiKTeX 2.9\tex/latex/base\article.
cls"
Document Class: article 2018/09/03 v1.4i Standard LaTeX document class

("C:\Users\Daniel Kim\AppData\Local\Programs\MiKTeX 2.9\tex/latex/base\size10.c
lo"
File: size10.clo 2018/09/03 v1.4i Standard LaTeX file (size option)
)
\c@part=\count80
\c@section=\count81
\c@subsection=\count82
\c@subsubsection=\count83
\c@paragraph=\count84
\c@subparagraph=\count85
\c@figure=\count86
\c@table=\count87
\abovecaptionskip=\skip41
\belowcaptionskip=\skip42
\bibindent=\dimen102
)
("C:\Users\Daniel Kim\AppData\Local\Programs\MiKTeX 2.9\tex/latex/amsmath\amsma
th.sty"
Package: amsmath 2018/12/01 v2.17b AMS math features
\@mathmargin=\skip43

For additional information on amsmath, use the `?' option.

("C:\Users\Daniel Kim\AppData\Local\Programs\MiKTeX 2.9\tex/latex/amsmath\amste
xt.sty"
Package: amstext 2000/06/29 v2.01 AMS text

("C:\Users\Daniel Kim\AppData\Local\Programs\MiKTeX 2.9\tex/latex/amsmath\amsge
n.sty"
File: amsgen.sty 1999/11/30 v2.0 generic functions
\@emptytoks=\toks14
\ex@=\dimen103
))
("C:\Users\Daniel Kim\AppData\Local\Programs\MiKTeX 2.9\tex/latex/amsmath\amsbs
y.sty"
Package: amsbsy 1999/11/29 v1.2d Bold Symbols
\pmbraise@=\dimen104
)
("C:\Users\Daniel Kim\AppData\Local\Programs\MiKTeX 2.9\tex/latex/amsmath\amsop
n.sty"
Package: amsopn 2016/03/08 v2.02 operator names
)
\inf@bad=\count88
LaTeX Info: Redefining \frac on input line 223.
\uproot@=\count89
\leftroot@=\count90
LaTeX Info: Redefining \overline on input line 385.
\classnum@=\count91
\DOTSCASE@=\count92
LaTeX Info: Redefining \ldots on input line 482.
LaTeX Info: Redefining \dots on input line 485.
LaTeX Info: Redefining \cdots on input line 606.
\Mathstrutbox@=\box27
\strutbox@=\box28
\big@size=\dimen105
LaTeX Font Info:    Redeclaring font encoding OML on input line 729.
LaTeX Font Info:    Redeclaring font encoding OMS on input line 730.
\macc@depth=\count93
\c@MaxMatrixCols=\count94
\dotsspace@=\muskip10
\c@parentequation=\count95
\dspbrk@lvl=\count96
\tag@help=\toks15
\row@=\count97
\column@=\count98
\maxfields@=\count99
\andhelp@=\toks16
\eqnshift@=\dimen106
\alignsep@=\dimen107
\tagshift@=\dimen108
\tagwidth@=\dimen109
\totwidth@=\dimen110
\lineht@=\dimen111
\@envbody=\toks17
\multlinegap=\skip44
\multlinetaggap=\skip45
\mathdisplay@stack=\toks18
LaTeX Info: Redefining \[ on input line 2844.
LaTeX Info: Redefining \] on input line 2845.
)
("C:\Users\Daniel Kim\AppData\Local\Programs\MiKTeX 2.9\tex/latex/amsfonts\amss
ymb.sty"
Package: amssymb 2013/01/14 v3.01 AMS font symbols

("C:\Users\Daniel Kim\AppData\Local\Programs\MiKTeX 2.9\tex/latex/amsfonts\amsf
onts.sty"
Package: amsfonts 2013/01/14 v3.01 Basic AMSFonts support
\symAMSa=\mathgroup4
\symAMSb=\mathgroup5
LaTeX Font Info:    Overwriting math alphabet `\mathfrak' in version `bold'
(Font)                  U/euf/m/n --> U/euf/b/n on input line 106.
))
("C:\Users\Daniel Kim\AppData\Local\Programs\MiKTeX 2.9\tex/latex/graphics\grap
hicx.sty"
Package: graphicx 2017/06/01 v1.1a Enhanced LaTeX Graphics (DPC,SPQR)

("C:\Users\Daniel Kim\AppData\Local\Programs\MiKTeX 2.9\tex/latex/graphics\keyv
al.sty"
Package: keyval 2014/10/28 v1.15 key=value parser (DPC)
\KV@toks@=\toks19
)
("C:\Users\Daniel Kim\AppData\Local\Programs\MiKTeX 2.9\tex/latex/graphics\grap
hics.sty"
Package: graphics 2017/06/25 v1.2c Standard LaTeX Graphics (DPC,SPQR)

("C:\Users\Daniel Kim\AppData\Local\Programs\MiKTeX 2.9\tex/latex/graphics\trig
.sty"
Package: trig 2016/01/03 v1.10 sin cos tan (DPC)
)
("C:\Users\Daniel Kim\AppData\Local\Programs\MiKTeX 2.9\tex/latex/graphics-cfg\
graphics.cfg"
File: graphics.cfg 2016/06/04 v1.11 sample graphics configuration
)
Package graphics Info: Driver file: pdftex.def on input line 99.

("C:\Users\Daniel Kim\AppData\Local\Programs\MiKTeX 2.9\tex/latex/graphics-def\
pdftex.def"
File: pdftex.def 2018/01/08 v1.0l Graphics/color driver for pdftex
))
\Gin@req@height=\dimen112
\Gin@req@width=\dimen113
)
("C:\Users\Daniel Kim\AppData\Local\Programs\MiKTeX 2.9\tex/latex/pgf/frontendl
ayer\tikz.sty"
("C:\Users\Daniel Kim\AppData\Local\Programs\MiKTeX 2.9\tex/latex/pgf/basiclaye
r\pgf.sty"
("C:\Users\Daniel Kim\AppData\Local\Programs\MiKTeX 2.9\tex/latex/pgf/utilities
\pgfrcs.sty"
("C:\Users\Daniel Kim\AppData\Local\Programs\MiKTeX 2.9\tex/generic/pgf/utiliti
es\pgfutil-common.tex"
\pgfutil@everybye=\toks20
\pgfutil@tempdima=\dimen114
\pgfutil@tempdimb=\dimen115

("C:\Users\Daniel Kim\AppData\Local\Programs\MiKTeX 2.9\tex/generic/pgf/utiliti
es\pgfutil-common-lists.tex"))
("C:\Users\Daniel Kim\AppData\Local\Programs\MiKTeX 2.9\tex/generic/pgf/utiliti
es\pgfutil-latex.def"
\pgfutil@abb=\box29

("C:\Users\Daniel Kim\AppData\Local\Programs\MiKTeX 2.9\tex/latex/ms\everyshi.s
ty"
Package: everyshi 2001/05/15 v3.00 EveryShipout Package (MS)
))
("C:\Users\Daniel Kim\AppData\Local\Programs\MiKTeX 2.9\tex/generic/pgf/utiliti
es\pgfrcs.code.tex"
("C:\Users\Daniel Kim\AppData\Local\Programs\MiKTeX 2.9\tex/generic/pgf\pgf.rev
ision.tex")
Package: pgfrcs 2019/08/03 v3.1.4b (3.1.4b)
))
Package: pgf 2019/08/03 v3.1.4b (3.1.4b)

("C:\Users\Daniel Kim\AppData\Local\Programs\MiKTeX 2.9\tex/latex/pgf/basiclaye
r\pgfcore.sty"
("C:\Users\Daniel Kim\AppData\Local\Programs\MiKTeX 2.9\tex/latex/pgf/systemlay
er\pgfsys.sty"
("C:\Users\Daniel Kim\AppData\Local\Programs\MiKTeX 2.9\tex/generic/pgf/systeml
ayer\pgfsys.code.tex"
Package: pgfsys 2019/08/03 v3.1.4b (3.1.4b)

("C:\Users\Daniel Kim\AppData\Local\Programs\MiKTeX 2.9\tex/generic/pgf/utiliti
es\pgfkeys.code.tex"
\pgfkeys@pathtoks=\toks21
\pgfkeys@temptoks=\toks22

("C:\Users\Daniel Kim\AppData\Local\Programs\MiKTeX 2.9\tex/generic/pgf/utiliti
es\pgfkeysfiltered.code.tex"
\pgfkeys@tmptoks=\toks23
))
\pgf@x=\dimen116
\pgf@y=\dimen117
\pgf@xa=\dimen118
\pgf@ya=\dimen119
\pgf@xb=\dimen120
\pgf@yb=\dimen121
\pgf@xc=\dimen122
\pgf@yc=\dimen123
\pgf@xd=\dimen124
\pgf@yd=\dimen125
\w@pgf@writea=\write3
\r@pgf@reada=\read1
\c@pgf@counta=\count100
\c@pgf@countb=\count101
\c@pgf@countc=\count102
\c@pgf@countd=\count103
\t@pgf@toka=\toks24
\t@pgf@tokb=\toks25
\t@pgf@tokc=\toks26
\pgf@sys@id@count=\count104

("C:\Users\Daniel Kim\AppData\Local\Programs\MiKTeX 2.9\tex/generic/pgf/systeml
ayer\pgf.cfg"
File: pgf.cfg 2019/08/03 v3.1.4b (3.1.4b)
)
Driver file for pgf: pgfsys-pdftex.def

("C:\Users\Daniel Kim\AppData\Local\Programs\MiKTeX 2.9\tex/generic/pgf/systeml
ayer\pgfsys-pdftex.def"
File: pgfsys-pdftex.def 2019/08/03 v3.1.4b (3.1.4b)

("C:\Users\Daniel Kim\AppData\Local\Programs\MiKTeX 2.9\tex/generic/pgf/systeml
ayer\pgfsys-common-pdf.def"
File: pgfsys-common-pdf.def 2019/08/03 v3.1.4b (3.1.4b)
)))
("C:\Users\Daniel Kim\AppData\Local\Programs\MiKTeX 2.9\tex/generic/pgf/systeml
ayer\pgfsyssoftpath.code.tex"
File: pgfsyssoftpath.code.tex 2019/08/03 v3.1.4b (3.1.4b)
\pgfsyssoftpath@smallbuffer@items=\count105
\pgfsyssoftpath@bigbuffer@items=\count106
)
("C:\Users\Daniel Kim\AppData\Local\Programs\MiKTeX 2.9\tex/generic/pgf/systeml
ayer\pgfsysprotocol.code.tex"
File: pgfsysprotocol.code.tex 2019/08/03 v3.1.4b (3.1.4b)
))
("C:\Users\Daniel Kim\AppData\Local\Programs\MiKTeX 2.9\tex/latex/xcolor\xcolor
.sty"
Package: xcolor 2016/05/11 v2.12 LaTeX color extensions (UK)

("C:\Users\Daniel Kim\AppData\Local\Programs\MiKTeX 2.9\tex/latex/graphics-cfg\
color.cfg"
File: color.cfg 2016/01/02 v1.6 sample color configuration
)
Package xcolor Info: Driver file: pdftex.def on input line 225.
Package xcolor Info: Model `cmy' substituted by `cmy0' on input line 1348.
Package xcolor Info: Model `hsb' substituted by `rgb' on input line 1352.
Package xcolor Info: Model `RGB' extended on input line 1364.
Package xcolor Info: Model `HTML' substituted by `rgb' on input line 1366.
Package xcolor Info: Model `Hsb' substituted by `hsb' on input line 1367.
Package xcolor Info: Model `tHsb' substituted by `hsb' on input line 1368.
Package xcolor Info: Model `HSB' substituted by `hsb' on input line 1369.
Package xcolor Info: Model `Gray' substituted by `gray' on input line 1370.
Package xcolor Info: Model `wave' substituted by `hsb' on input line 1371.
)
("C:\Users\Daniel Kim\AppData\Local\Programs\MiKTeX 2.9\tex/generic/pgf/basicla
yer\pgfcore.code.tex"
Package: pgfcore 2019/08/03 v3.1.4b (3.1.4b)

("C:\Users\Daniel Kim\AppData\Local\Programs\MiKTeX 2.9\tex/generic/pgf/math\pg
fmath.code.tex"
("C:\Users\Daniel Kim\AppData\Local\Programs\MiKTeX 2.9\tex/generic/pgf/math\pg
fmathcalc.code.tex"
("C:\Users\Daniel Kim\AppData\Local\Programs\MiKTeX 2.9\tex/generic/pgf/math\pg
fmathutil.code.tex")
("C:\Users\Daniel Kim\AppData\Local\Programs\MiKTeX 2.9\tex/generic/pgf/math\pg
fmathparser.code.tex"
\pgfmath@dimen=\dimen126
\pgfmath@count=\count107
\pgfmath@box=\box30
\pgfmath@toks=\toks27
\pgfmath@stack@operand=\toks28
\pgfmath@stack@operation=\toks29
)
("C:\Users\Daniel Kim\AppData\Local\Programs\MiKTeX 2.9\tex/generic/pgf/math\pg
fmathfunctions.code.tex"
("C:\Users\Daniel Kim\AppData\Local\Programs\MiKTeX 2.9\tex/generic/pgf/math\pg
fmathfunctions.basic.code.tex")
("C:\Users\Daniel Kim\AppData\Local\Programs\MiKTeX 2.9\tex/generic/pgf/math\pg
fmathfunctions.trigonometric.code.tex")
("C:\Users\Daniel Kim\AppData\Local\Programs\MiKTeX 2.9\tex/generic/pgf/math\pg
fmathfunctions.random.code.tex")
("C:\Users\Daniel Kim\AppData\Local\Programs\MiKTeX 2.9\tex/generic/pgf/math\pg
fmathfunctions.comparison.code.tex")
("C:\Users\Daniel Kim\AppData\Local\Programs\MiKTeX 2.9\tex/generic/pgf/math\pg
fmathfunctions.base.code.tex")
("C:\Users\Daniel Kim\AppData\Local\Programs\MiKTeX 2.9\tex/generic/pgf/math\pg
fmathfunctions.round.code.tex")
("C:\Users\Daniel Kim\AppData\Local\Programs\MiKTeX 2.9\tex/generic/pgf/math\pg
fmathfunctions.misc.code.tex")
("C:\Users\Daniel Kim\AppData\Local\Programs\MiKTeX 2.9\tex/generic/pgf/math\pg
fmathfunctions.integerarithmetics.code.tex")))
("C:\Users\Daniel Kim\AppData\Local\Programs\MiKTeX 2.9\tex/generic/pgf/math\pg
fmathfloat.code.tex"
\c@pgfmathroundto@lastzeros=\count108
))
("C:\Users\Daniel Kim\AppData\Local\Programs\MiKTeX 2.9\tex/generic/pgf/math\pg
fint.code.tex")
("C:\Users\Daniel Kim\AppData\Local\Programs\MiKTeX 2.9\tex/generic/pgf/basicla
yer\pgfcorepoints.code.tex"
File: pgfcorepoints.code.tex 2019/08/03 v3.1.4b (3.1.4b)
\pgf@picminx=\dimen127
\pgf@picmaxx=\dimen128
\pgf@picminy=\dimen129
\pgf@picmaxy=\dimen130
\pgf@pathminx=\dimen131
\pgf@pathmaxx=\dimen132
\pgf@pathminy=\dimen133
\pgf@pathmaxy=\dimen134
\pgf@xx=\dimen135
\pgf@xy=\dimen136
\pgf@yx=\dimen137
\pgf@yy=\dimen138
\pgf@zx=\dimen139
\pgf@zy=\dimen140
)
("C:\Users\Daniel Kim\AppData\Local\Programs\MiKTeX 2.9\tex/generic/pgf/basicla
yer\pgfcorepathconstruct.code.tex"
File: pgfcorepathconstruct.code.tex 2019/08/03 v3.1.4b (3.1.4b)
\pgf@path@lastx=\dimen141
\pgf@path@lasty=\dimen142
)
("C:\Users\Daniel Kim\AppData\Local\Programs\MiKTeX 2.9\tex/generic/pgf/basicla
yer\pgfcorepathusage.code.tex"
File: pgfcorepathusage.code.tex 2019/08/03 v3.1.4b (3.1.4b)
\pgf@shorten@end@additional=\dimen143
\pgf@shorten@start@additional=\dimen144
)
("C:\Users\Daniel Kim\AppData\Local\Programs\MiKTeX 2.9\tex/generic/pgf/basicla
yer\pgfcorescopes.code.tex"
File: pgfcorescopes.code.tex 2019/08/03 v3.1.4b (3.1.4b)
\pgfpic=\box31
\pgf@hbox=\box32
\pgf@layerbox@main=\box33
\pgf@picture@serial@count=\count109
)
("C:\Users\Daniel Kim\AppData\Local\Programs\MiKTeX 2.9\tex/generic/pgf/basicla
yer\pgfcoregraphicstate.code.tex"
File: pgfcoregraphicstate.code.tex 2019/08/03 v3.1.4b (3.1.4b)
\pgflinewidth=\dimen145
)
("C:\Users\Daniel Kim\AppData\Local\Programs\MiKTeX 2.9\tex/generic/pgf/basicla
yer\pgfcoretransformations.code.tex"
File: pgfcoretransformations.code.tex 2019/08/03 v3.1.4b (3.1.4b)
\pgf@pt@x=\dimen146
\pgf@pt@y=\dimen147
\pgf@pt@temp=\dimen148
)
("C:\Users\Daniel Kim\AppData\Local\Programs\MiKTeX 2.9\tex/generic/pgf/basicla
yer\pgfcorequick.code.tex"
File: pgfcorequick.code.tex 2019/08/03 v3.1.4b (3.1.4b)
)
("C:\Users\Daniel Kim\AppData\Local\Programs\MiKTeX 2.9\tex/generic/pgf/basicla
yer\pgfcoreobjects.code.tex"
File: pgfcoreobjects.code.tex 2019/08/03 v3.1.4b (3.1.4b)
)
("C:\Users\Daniel Kim\AppData\Local\Programs\MiKTeX 2.9\tex/generic/pgf/basicla
yer\pgfcorepathprocessing.code.tex"
File: pgfcorepathprocessing.code.tex 2019/08/03 v3.1.4b (3.1.4b)
)
("C:\Users\Daniel Kim\AppData\Local\Programs\MiKTeX 2.9\tex/generic/pgf/basicla
yer\pgfcorearrows.code.tex"
File: pgfcorearrows.code.tex 2019/08/03 v3.1.4b (3.1.4b)
\pgfarrowsep=\dimen149
)
("C:\Users\Daniel Kim\AppData\Local\Programs\MiKTeX 2.9\tex/generic/pgf/basicla
yer\pgfcoreshade.code.tex"
File: pgfcoreshade.code.tex 2019/08/03 v3.1.4b (3.1.4b)
\pgf@max=\dimen150
\pgf@sys@shading@range@num=\count110
\pgf@shadingcount=\count111
)
("C:\Users\Daniel Kim\AppData\Local\Programs\MiKTeX 2.9\tex/generic/pgf/basicla
yer\pgfcoreimage.code.tex"
File: pgfcoreimage.code.tex 2019/08/03 v3.1.4b (3.1.4b)

("C:\Users\Daniel Kim\AppData\Local\Programs\MiKTeX 2.9\tex/generic/pgf/basicla
yer\pgfcoreexternal.code.tex"
File: pgfcoreexternal.code.tex 2019/08/03 v3.1.4b (3.1.4b)
\pgfexternal@startupbox=\box34
))
("C:\Users\Daniel Kim\AppData\Local\Programs\MiKTeX 2.9\tex/generic/pgf/basicla
yer\pgfcorelayers.code.tex"
File: pgfcorelayers.code.tex 2019/08/03 v3.1.4b (3.1.4b)
)
("C:\Users\Daniel Kim\AppData\Local\Programs\MiKTeX 2.9\tex/generic/pgf/basicla
yer\pgfcoretransparency.code.tex"
File: pgfcoretransparency.code.tex 2019/08/03 v3.1.4b (3.1.4b)
)
("C:\Users\Daniel Kim\AppData\Local\Programs\MiKTeX 2.9\tex/generic/pgf/basicla
yer\pgfcorepatterns.code.tex"
File: pgfcorepatterns.code.tex 2019/08/03 v3.1.4b (3.1.4b)
)
("C:\Users\Daniel Kim\AppData\Local\Programs\MiKTeX 2.9\tex/generic/pgf/basicla
yer\pgfcorerdf.code.tex"
File: pgfcorerdf.code.tex 2019/08/03 v3.1.4b (3.1.4b)
)))
("C:\Users\Daniel Kim\AppData\Local\Programs\MiKTeX 2.9\tex/generic/pgf/modules
\pgfmoduleshapes.code.tex"
File: pgfmoduleshapes.code.tex 2019/08/03 v3.1.4b (3.1.4b)
\pgfnodeparttextbox=\box35
)
("C:\Users\Daniel Kim\AppData\Local\Programs\MiKTeX 2.9\tex/generic/pgf/modules
\pgfmoduleplot.code.tex"
File: pgfmoduleplot.code.tex 2019/08/03 v3.1.4b (3.1.4b)
)
("C:\Users\Daniel Kim\AppData\Local\Programs\MiKTeX 2.9\tex/latex/pgf/compatibi
lity\pgfcomp-version-0-65.sty"
Package: pgfcomp-version-0-65 2019/08/03 v3.1.4b (3.1.4b)
\pgf@nodesepstart=\dimen151
\pgf@nodesepend=\dimen152
)
("C:\Users\Daniel Kim\AppData\Local\Programs\MiKTeX 2.9\tex/latex/pgf/compatibi
lity\pgfcomp-version-1-18.sty"
Package: pgfcomp-version-1-18 2019/08/03 v3.1.4b (3.1.4b)
))
("C:\Users\Daniel Kim\AppData\Local\Programs\MiKTeX 2.9\tex/latex/pgf/utilities
\pgffor.sty"
("C:\Users\Daniel Kim\AppData\Local\Programs\MiKTeX 2.9\tex/latex/pgf/utilities
\pgfkeys.sty"
("C:\Users\Daniel Kim\AppData\Local\Programs\MiKTeX 2.9\tex/generic/pgf/utiliti
es\pgfkeys.code.tex"))
("C:\Users\Daniel Kim\AppData\Local\Programs\MiKTeX 2.9\tex/latex/pgf/math\pgfm
ath.sty"
("C:\Users\Daniel Kim\AppData\Local\Programs\MiKTeX 2.9\tex/generic/pgf/math\pg
fmath.code.tex"))
("C:\Users\Daniel Kim\AppData\Local\Programs\MiKTeX 2.9\tex/generic/pgf/utiliti
es\pgffor.code.tex"
Package: pgffor 2019/08/03 v3.1.4b (3.1.4b)

("C:\Users\Daniel Kim\AppData\Local\Programs\MiKTeX 2.9\tex/generic/pgf/math\pg
fmath.code.tex")
\pgffor@iter=\dimen153
\pgffor@skip=\dimen154
\pgffor@stack=\toks30
\pgffor@toks=\toks31
))
("C:\Users\Daniel Kim\AppData\Local\Programs\MiKTeX 2.9\tex/generic/pgf/fronten
dlayer/tikz\tikz.code.tex"
Package: tikz 2019/08/03 v3.1.4b (3.1.4b)

("C:\Users\Daniel Kim\AppData\Local\Programs\MiKTeX 2.9\tex/generic/pgf/librari
es\pgflibraryplothandlers.code.tex"
File: pgflibraryplothandlers.code.tex 2019/08/03 v3.1.4b (3.1.4b)
\pgf@plot@mark@count=\count112
\pgfplotmarksize=\dimen155
)
\tikz@lastx=\dimen156
\tikz@lasty=\dimen157
\tikz@lastxsaved=\dimen158
\tikz@lastysaved=\dimen159
\tikz@lastmovetox=\dimen160
\tikz@lastmovetoy=\dimen161
\tikzleveldistance=\dimen162
\tikzsiblingdistance=\dimen163
\tikz@figbox=\box36
\tikz@figbox@bg=\box37
\tikz@tempbox=\box38
\tikz@tempbox@bg=\box39
\tikztreelevel=\count113
\tikznumberofchildren=\count114
\tikznumberofcurrentchild=\count115
\tikz@fig@count=\count116

("C:\Users\Daniel Kim\AppData\Local\Programs\MiKTeX 2.9\tex/generic/pgf/modules
\pgfmodulematrix.code.tex"
File: pgfmodulematrix.code.tex 2019/08/03 v3.1.4b (3.1.4b)
\pgfmatrixcurrentrow=\count117
\pgfmatrixcurrentcolumn=\count118
\pgf@matrix@numberofcolumns=\count119
)
\tikz@expandcount=\count120

("C:\Users\Daniel Kim\AppData\Local\Programs\MiKTeX 2.9\tex/generic/pgf/fronten
dlayer/tikz/libraries\tikzlibrarytopaths.code.tex"
File: tikzlibrarytopaths.code.tex 2019/08/03 v3.1.4b (3.1.4b)
)))
("C:\Users\Daniel Kim\AppData\Local\Programs\MiKTeX 2.9\tex/latex/tikzsymbols\t
ikzsymbols.sty"
("C:\Users\Daniel Kim\AppData\Local\Programs\MiKTeX 2.9\tex/latex/l3packages/xp
arse\xparse.sty"
("C:\Users\Daniel Kim\AppData\Local\Programs\MiKTeX 2.9\tex/latex/l3kernel\expl
3.sty"
Package: expl3 2019-09-08 L3 programming layer (loader) 

("C:\Users\Daniel Kim\AppData\Local\Programs\MiKTeX 2.9\tex/latex/l3kernel\expl
3-code.tex"
Package: expl3 2019-09-08 L3 programming layer (code)
\c_max_int=\count121
\l_tmpa_int=\count122
\l_tmpb_int=\count123
\g_tmpa_int=\count124
\g_tmpb_int=\count125
\g__kernel_prg_map_int=\count126
\c__ior_term_noprompt_ior=\count127
\c_log_iow=\count128
\l_iow_line_count_int=\count129
\l__iow_line_target_int=\count130
\l__iow_one_indent_int=\count131
\l__iow_indent_int=\count132
\c_zero_dim=\dimen164
\c_max_dim=\dimen165
\l_tmpa_dim=\dimen166
\l_tmpb_dim=\dimen167
\g_tmpa_dim=\dimen168
\g_tmpb_dim=\dimen169
\c_zero_skip=\skip46
\c_max_skip=\skip47
\l_tmpa_skip=\skip48
\l_tmpb_skip=\skip49
\g_tmpa_skip=\skip50
\g_tmpb_skip=\skip51
\c_zero_muskip=\muskip11
\c_max_muskip=\muskip12
\l_tmpa_muskip=\muskip13
\l_tmpb_muskip=\muskip14
\g_tmpa_muskip=\muskip15
\g_tmpb_muskip=\muskip16
\l_keys_choice_int=\count133
\l__intarray_loop_int=\count134
\c__intarray_sp_dim=\dimen170
\g__intarray_font_int=\count135
\c__fp_leading_shift_int=\count136
\c__fp_middle_shift_int=\count137
\c__fp_trailing_shift_int=\count138
\c__fp_big_leading_shift_int=\count139
\c__fp_big_middle_shift_int=\count140
\c__fp_big_trailing_shift_int=\count141
\c__fp_Bigg_leading_shift_int=\count142
\c__fp_Bigg_middle_shift_int=\count143
\c__fp_Bigg_trailing_shift_int=\count144
\c__kernel_randint_max_int=\count145
\g__fp_array_int=\count146
\l__fp_array_loop_int=\count147
\l__sort_length_int=\count148
\l__sort_min_int=\count149
\l__sort_top_int=\count150
\l__sort_max_int=\count151
\l__sort_true_max_int=\count152
\l__sort_block_int=\count153
\l__sort_begin_int=\count154
\l__sort_end_int=\count155
\l__sort_A_int=\count156
\l__sort_B_int=\count157
\l__sort_C_int=\count158
\l__str_internal_int=\count159
\c__str_replacement_char_int=\count160
\l__tl_analysis_normal_int=\count161
\l__tl_analysis_index_int=\count162
\l__tl_analysis_nesting_int=\count163
\l__tl_analysis_type_int=\count164
\l__regex_internal_a_int=\count165
\l__regex_internal_b_int=\count166
\l__regex_internal_c_int=\count167
\l__regex_balance_int=\count168
\l__regex_group_level_int=\count169
\l__regex_mode_int=\count170
\c__regex_cs_in_class_mode_int=\count171
\c__regex_cs_mode_int=\count172
\l__regex_catcodes_int=\count173
\l__regex_default_catcodes_int=\count174
\c__regex_catcode_D_int=\count175
\c__regex_catcode_S_int=\count176
\c__regex_catcode_L_int=\count177
\c__regex_catcode_O_int=\count178
\c__regex_catcode_A_int=\count179
\c__regex_all_catcodes_int=\count180
\l__regex_show_lines_int=\count181
\l__regex_min_state_int=\count182
\l__regex_max_state_int=\count183
\l__regex_left_state_int=\count184
\l__regex_right_state_int=\count185
\l__regex_capturing_group_int=\count186
\l__regex_min_pos_int=\count187
\l__regex_max_pos_int=\count188
\l__regex_curr_pos_int=\count189
\l__regex_start_pos_int=\count190
\l__regex_success_pos_int=\count191
\l__regex_curr_char_int=\count192
\l__regex_curr_catcode_int=\count193
\l__regex_last_char_int=\count194
\l__regex_case_changed_char_int=\count195
\l__regex_curr_state_int=\count196
\l__regex_step_int=\count197
\l__regex_min_active_int=\count198
\l__regex_max_active_int=\count199
\l__regex_replacement_csnames_int=\count266
\l__regex_match_count_int=\count267
\l__regex_min_submatch_int=\count268
\l__regex_submatch_int=\count269
\l__regex_zeroth_submatch_int=\count270
\g__regex_trace_regex_int=\count271
\c_empty_box=\box40
\l_tmpa_box=\box41
\l_tmpb_box=\box42
\g_tmpa_box=\box43
\g_tmpb_box=\box44
\l__box_top_dim=\dimen171
\l__box_bottom_dim=\dimen172
\l__box_left_dim=\dimen173
\l__box_right_dim=\dimen174
\l__box_top_new_dim=\dimen175
\l__box_bottom_new_dim=\dimen176
\l__box_left_new_dim=\dimen177
\l__box_right_new_dim=\dimen178
\l__box_internal_box=\box45
\l__coffin_internal_box=\box46
\l__coffin_internal_dim=\dimen179
\l__coffin_offset_x_dim=\dimen180
\l__coffin_offset_y_dim=\dimen181
\l__coffin_x_dim=\dimen182
\l__coffin_y_dim=\dimen183
\l__coffin_x_prime_dim=\dimen184
\l__coffin_y_prime_dim=\dimen185
\c_empty_coffin=\box47
\l__coffin_aligned_coffin=\box48
\l__coffin_aligned_internal_coffin=\box49
\l_tmpa_coffin=\box50
\l_tmpb_coffin=\box51
\g_tmpa_coffin=\box52
\g_tmpb_coffin=\box53
\l__coffin_bounding_shift_dim=\dimen186
\l__coffin_left_corner_dim=\dimen187
\l__coffin_right_corner_dim=\dimen188
\l__coffin_bottom_corner_dim=\dimen189
\l__coffin_top_corner_dim=\dimen190
\l__coffin_scaled_total_height_dim=\dimen191
\l__coffin_scaled_width_dim=\dimen192
\c__coffin_empty_coffin=\box54
\l__coffin_display_coffin=\box55
\l__coffin_display_coord_coffin=\box56
\l__coffin_display_pole_coffin=\box57
\l__coffin_display_offset_dim=\dimen193
\l__coffin_display_x_dim=\dimen194
\l__coffin_display_y_dim=\dimen195
\g__char_data_ior=\read2
\l__seq_internal_a_int=\count272
\l__seq_internal_b_int=\count273
)
("C:\Users\Daniel Kim\AppData\Local\Programs\MiKTeX 2.9\tex/latex/l3backend\l3b
ackend-pdfmode.def"
File: l3backend-pdfmode.def 2019-04-06 v L3 backend support: PDF mode
\l__kernel_color_stack_int=\count274
\l__pdf_internal_box=\box58
))
Package: xparse 2019-05-28 L3 Experimental document command parser
\l__xparse_current_arg_int=\count275
\g__xparse_grabber_int=\count276
\l__xparse_m_args_int=\count277
\l__xparse_v_nesting_int=\count278
)
Package: tikzsymbols 2019/02/08 v4.10c Some symbols created using tikz and LaTe
X3.

("C:\Users\Daniel Kim\AppData\Local\Programs\MiKTeX 2.9\tex/latex/tools\xspace.
sty"
Package: xspace 2014/10/28 v1.13 Space after command names (DPC,MH)
)
("C:\Users\Daniel Kim\AppData\Local\Programs\MiKTeX 2.9\tex/latex/l3packages/l3
keys2e\l3keys2e.sty"
Package: l3keys2e 2019-05-28 LaTeX2e option processing using LaTeX3 keys
)
("C:\Users\Daniel Kim\AppData\Local\Programs\MiKTeX 2.9\tex/generic/pgf/fronten
dlayer/tikz/libraries\tikzlibraryarrows.code.tex"
File: tikzlibraryarrows.code.tex 2019/08/03 v3.1.4b (3.1.4b)

("C:\Users\Daniel Kim\AppData\Local\Programs\MiKTeX 2.9\tex/generic/pgf/librari
es\pgflibraryarrows.code.tex"
File: pgflibraryarrows.code.tex 2019/08/03 v3.1.4b (3.1.4b)
\arrowsize=\dimen196
))
("C:\Users\Daniel Kim\AppData\Local\Programs\MiKTeX 2.9\tex/generic/pgf/fronten
dlayer/tikz/libraries\tikzlibrarydecorations.pathmorphing.code.tex"
("C:\Users\Daniel Kim\AppData\Local\Programs\MiKTeX 2.9\tex/generic/pgf/fronten
dlayer/tikz/libraries\tikzlibrarydecorations.code.tex"
("C:\Users\Daniel Kim\AppData\Local\Programs\MiKTeX 2.9\tex/generic/pgf/modules
\pgfmoduledecorations.code.tex"
\pgfdecoratedcompleteddistance=\dimen197
\pgfdecoratedremainingdistance=\dimen198
\pgfdecoratedinputsegmentcompleteddistance=\dimen199
\pgfdecoratedinputsegmentremainingdistance=\dimen256
\pgf@decorate@distancetomove=\dimen257
\pgf@decorate@repeatstate=\count279
\pgfdecorationsegmentamplitude=\dimen258
\pgfdecorationsegmentlength=\dimen259
)
\tikz@lib@dec@box=\box59
)
("C:\Users\Daniel Kim\AppData\Local\Programs\MiKTeX 2.9\tex/generic/pgf/librari
es/decorations\pgflibrarydecorations.pathmorphing.code.tex"))
("C:\Users\Daniel Kim\AppData\Local\Programs\MiKTeX 2.9\tex/generic/pgf/fronten
dlayer/tikz/libraries\tikzlibrarytrees.code.tex"
File: tikzlibrarytrees.code.tex 2019/08/03 v3.1.4b (3.1.4b)
)
\l__tikzsymbols_Moai_thickness_dim=\dimen260
)
("C:\Users\Daniel Kim\AppData\Local\Programs\MiKTeX 2.9\tex/latex/relsize\relsi
ze.sty"
Package: relsize 2013/03/29 ver 4.1
)
("C:\Users\Daniel Kim\AppData\Local\Programs\MiKTeX 2.9\tex/generic/pgf/fronten
dlayer/tikz/libraries\tikzlibrarypatterns.code.tex"
File: tikzlibrarypatterns.code.tex 2019/08/03 v3.1.4b (3.1.4b)

("C:\Users\Daniel Kim\AppData\Local\Programs\MiKTeX 2.9\tex/generic/pgf/librari
es\pgflibrarypatterns.code.tex"
File: pgflibrarypatterns.code.tex 2019/08/03 v3.1.4b (3.1.4b)
))
("C:\Users\Daniel Kim\AppData\Local\Programs\MiKTeX 2.9\tex/generic/pgf/fronten
dlayer/tikz/libraries\tikzlibrarydecorations.pathreplacing.code.tex"
("C:\Users\Daniel Kim\AppData\Local\Programs\MiKTeX 2.9\tex/generic/pgf/librari
es/decorations\pgflibrarydecorations.pathreplacing.code.tex"))
("C:\Users\Daniel Kim\AppData\Local\Programs\MiKTeX 2.9\tex/generic/pgf/fronten
dlayer/tikz/libraries\tikzlibraryshapes.code.tex"
File: tikzlibraryshapes.code.tex 2019/08/03 v3.1.4b (3.1.4b)

("C:\Users\Daniel Kim\AppData\Local\Programs\MiKTeX 2.9\tex/generic/pgf/fronten
dlayer/tikz/libraries\tikzlibraryshapes.geometric.code.tex"
File: tikzlibraryshapes.geometric.code.tex 2019/08/03 v3.1.4b (3.1.4b)

("C:\Users\Daniel Kim\AppData\Local\Programs\MiKTeX 2.9\tex/generic/pgf/librari
es/shapes\pgflibraryshapes.geometric.code.tex"
File: pgflibraryshapes.geometric.code.tex 2019/08/03 v3.1.4b (3.1.4b)
))
("C:\Users\Daniel Kim\AppData\Local\Programs\MiKTeX 2.9\tex/generic/pgf/fronten
dlayer/tikz/libraries\tikzlibraryshapes.misc.code.tex"
File: tikzlibraryshapes.misc.code.tex 2019/08/03 v3.1.4b (3.1.4b)

("C:\Users\Daniel Kim\AppData\Local\Programs\MiKTeX 2.9\tex/generic/pgf/librari
es/shapes\pgflibraryshapes.misc.code.tex"
File: pgflibraryshapes.misc.code.tex 2019/08/03 v3.1.4b (3.1.4b)
))
("C:\Users\Daniel Kim\AppData\Local\Programs\MiKTeX 2.9\tex/generic/pgf/fronten
dlayer/tikz/libraries\tikzlibraryshapes.symbols.code.tex"
File: tikzlibraryshapes.symbols.code.tex 2019/08/03 v3.1.4b (3.1.4b)

("C:\Users\Daniel Kim\AppData\Local\Programs\MiKTeX 2.9\tex/generic/pgf/librari
es/shapes\pgflibraryshapes.symbols.code.tex"
File: pgflibraryshapes.symbols.code.tex 2019/08/03 v3.1.4b (3.1.4b)
))
("C:\Users\Daniel Kim\AppData\Local\Programs\MiKTeX 2.9\tex/generic/pgf/fronten
dlayer/tikz/libraries\tikzlibraryshapes.arrows.code.tex"
File: tikzlibraryshapes.arrows.code.tex 2019/08/03 v3.1.4b (3.1.4b)

("C:\Users\Daniel Kim\AppData\Local\Programs\MiKTeX 2.9\tex/generic/pgf/librari
es/shapes\pgflibraryshapes.arrows.code.tex"
File: pgflibraryshapes.arrows.code.tex 2019/08/03 v3.1.4b (3.1.4b)
))
("C:\Users\Daniel Kim\AppData\Local\Programs\MiKTeX 2.9\tex/generic/pgf/fronten
dlayer/tikz/libraries\tikzlibraryshapes.callouts.code.tex"
("C:\Users\Daniel Kim\AppData\Local\Programs\MiKTeX 2.9\tex/generic/pgf/librari
es/shapes\pgflibraryshapes.callouts.code.tex"))
("C:\Users\Daniel Kim\AppData\Local\Programs\MiKTeX 2.9\tex/generic/pgf/fronten
dlayer/tikz/libraries\tikzlibraryshapes.multipart.code.tex"
File: tikzlibraryshapes.multipart.code.tex 2019/08/03 v3.1.4b (3.1.4b)

("C:\Users\Daniel Kim\AppData\Local\Programs\MiKTeX 2.9\tex/generic/pgf/librari
es/shapes\pgflibraryshapes.multipart.code.tex"
File: pgflibraryshapes.multipart.code.tex 2019/08/03 v3.1.4b (3.1.4b)
\pgfnodepartlowerbox=\box60
\pgfnodeparttwobox=\box61
\pgfnodepartthreebox=\box62
\pgfnodepartfourbox=\box63
\pgfnodeparttwentybox=\box64
\pgfnodepartnineteenbox=\box65
\pgfnodeparteighteenbox=\box66
\pgfnodepartseventeenbox=\box67
\pgfnodepartsixteenbox=\box68
\pgfnodepartfifteenbox=\box69
\pgfnodepartfourteenbox=\box70
\pgfnodepartthirteenbox=\box71
\pgfnodeparttwelvebox=\box72
\pgfnodepartelevenbox=\box73
\pgfnodeparttenbox=\box74
\pgfnodepartninebox=\box75
\pgfnodeparteightbox=\box76
\pgfnodepartsevenbox=\box77
\pgfnodepartsixbox=\box78
\pgfnodepartfivebox=\box79
)))
("C:\Users\Daniel Kim\AppData\Local\Programs\MiKTeX 2.9\tex/latex/algorithm2e\a
lgorithm2e.sty"
Package: algorithm2e 2017/07/18 v5.2 algorithms environments
\c@AlgoLine=\count280

("C:\Users\Daniel Kim\AppData\Local\Programs\MiKTeX 2.9\tex/latex/base\ifthen.s
ty"
Package: ifthen 2014/09/29 v1.1c Standard LaTeX ifthen package (DPC)
)
\algocf@hangindent=\skip52

("C:\Users\Daniel Kim\AppData\Local\Programs\MiKTeX 2.9\tex/latex/ifoddpage\ifo
ddpage.sty"
Package: ifoddpage 2016/04/23 v1.1 Conditionals for odd/even page detection
\c@checkoddpage=\count281
)
\skiptotal=\skip53
\skiplinenumber=\skip54
\skiprule=\skip55
\skiphlne=\skip56
\skiptext=\skip57
\skiplength=\skip58
\algomargin=\skip59
\skipalgocfslide=\skip60
\algowidth=\dimen261
\inoutsize=\dimen262
\inoutindent=\dimen263
\interspacetitleruled=\dimen264
\interspacealgoruled=\dimen265
\interspacetitleboxruled=\dimen266
\algocf@ruledwidth=\skip61
\algocf@inoutbox=\box80
\algocf@inputbox=\box81
\AlCapSkip=\skip62
\AlCapHSkip=\skip63
\algoskipindent=\skip64
\algocf@nlbox=\box82
\algocf@hangingbox=\box83
\algocf@untilbox=\box84
\algocf@skipuntil=\skip65
\algocf@capbox=\box85
\algocf@lcaptionbox=\skip66
\algoheightruledefault=\skip67
\algoheightrule=\skip68
\algotitleheightruledefault=\skip69
\algotitleheightrule=\skip70
\c@algocfline=\count282
\c@algocfproc=\count283
\c@algocf=\count284
\algocf@algoframe=\box86
\algocf@algobox=\box87
)

LaTeX Warning: Unused global option(s):
    [9pt].

No file HW2_tex_template.aux.
\openout1 = `HW2_tex_template.aux'.

LaTeX Font Info:    Checking defaults for OML/cmm/m/it on input line 128.
LaTeX Font Info:    ... okay on input line 128.
LaTeX Font Info:    Checking defaults for T1/cmr/m/n on input line 128.
LaTeX Font Info:    ... okay on input line 128.
LaTeX Font Info:    Checking defaults for OT1/cmr/m/n on input line 128.
LaTeX Font Info:    ... okay on input line 128.
LaTeX Font Info:    Checking defaults for OMS/cmsy/m/n on input line 128.
LaTeX Font Info:    ... okay on input line 128.
LaTeX Font Info:    Checking defaults for OMX/cmex/m/n on input line 128.
LaTeX Font Info:    ... okay on input line 128.
LaTeX Font Info:    Checking defaults for U/cmr/m/n on input line 128.
LaTeX Font Info:    ... okay on input line 128.

("C:\Users\Daniel Kim\AppData\Local\Programs\MiKTeX 2.9\tex/context/base/mkii\s
upp-pdf.mkii"
[Loading MPS to PDF converter (version 2006.09.02).]
\scratchcounter=\count285
\scratchdimen=\dimen267
\scratchbox=\box88
\nofMPsegments=\count286
\nofMParguments=\count287
\everyMPshowfont=\toks32
\MPscratchCnt=\count288
\MPscratchDim=\dimen268
\MPnumerator=\count289
\makeMPintoPDFobject=\count290
\everyMPtoPDFconversion=\toks33
)
("C:\Users\Daniel Kim\AppData\Local\Programs\MiKTeX 2.9\tex/latex/oberdiek\epst
opdf-base.sty"
Package: epstopdf-base 2016/05/15 v2.6 Base part for package epstopdf

("C:\Users\Daniel Kim\AppData\Local\Programs\MiKTeX 2.9\tex/generic/oberdiek\in
fwarerr.sty"
Package: infwarerr 2016/05/16 v1.4 Providing info/warning/error messages (HO)
)
("C:\Users\Daniel Kim\AppData\Local\Programs\MiKTeX 2.9\tex/latex/oberdiek\grfe
xt.sty"
Package: grfext 2016/05/16 v1.2 Manage graphics extensions (HO)

("C:\Users\Daniel Kim\AppData\Local\Programs\MiKTeX 2.9\tex/generic/oberdiek\kv
definekeys.sty"
Package: kvdefinekeys 2016/05/16 v1.4 Define keys (HO)

("C:\Users\Daniel Kim\AppData\Local\Programs\MiKTeX 2.9\tex/generic/oberdiek\lt
xcmds.sty"
Package: ltxcmds 2016/05/16 v1.23 LaTeX kernel commands for general use (HO)
)))
("C:\Users\Daniel Kim\AppData\Local\Programs\MiKTeX 2.9\tex/latex/oberdiek\kvop
tions.sty"
Package: kvoptions 2016/05/16 v3.12 Key value format for package options (HO)

("C:\Users\Daniel Kim\AppData\Local\Programs\MiKTeX 2.9\tex/generic/oberdiek\kv
setkeys.sty"
Package: kvsetkeys 2016/05/16 v1.17 Key value parser (HO)

("C:\Users\Daniel Kim\AppData\Local\Programs\MiKTeX 2.9\tex/generic/oberdiek\et
excmds.sty"
Package: etexcmds 2016/05/16 v1.6 Avoid name clashes with e-TeX commands (HO)

("C:\Users\Daniel Kim\AppData\Local\Programs\MiKTeX 2.9\tex/generic/oberdiek\if
luatex.sty"
Package: ifluatex 2016/05/16 v1.4 Provides the ifluatex switch (HO)
Package ifluatex Info: LuaTeX not detected.
))))
("C:\Users\Daniel Kim\AppData\Local\Programs\MiKTeX 2.9\tex/generic/oberdiek\pd
ftexcmds.sty"
Package: pdftexcmds 2019/07/25 v0.30 Utility functions of pdfTeX for LuaTeX (HO
)

("C:\Users\Daniel Kim\AppData\Local\Programs\MiKTeX 2.9\tex/generic/oberdiek\if
pdf.sty"
Package: ifpdf 2018/09/07 v3.3 Provides the ifpdf switch
)
Package pdftexcmds Info: LuaTeX not detected.
Package pdftexcmds Info: \pdf@primitive is available.
Package pdftexcmds Info: \pdf@ifprimitive is available.
Package pdftexcmds Info: \pdfdraftmode found.
)
Package epstopdf-base Info: Redefining graphics rule for `.eps' on input line 4
38.
Package grfext Info: Graphics extension search list:
(grfext)             [.pdf,.png,.jpg,.mps,.jpeg,.jbig2,.jb2,.PDF,.PNG,.JPG,.JPE
G,.JBIG2,.JB2,.eps]
(grfext)             \AppendGraphicsExtensions on input line 456.
) ABD: EveryShipout initializing macros
Underfull \hbox (badness 10000) in paragraph at lines 135--136

 []

LaTeX Font Info:    Try loading font information for U+msa on input line 139.

("C:\Users\Daniel Kim\AppData\Local\Programs\MiKTeX 2.9\tex/latex/amsfonts\umsa
.fd"
File: umsa.fd 2013/01/14 v3.01 AMS symbols A
)
LaTeX Font Info:    Try loading font information for U+msb on input line 139.

("C:\Users\Daniel Kim\AppData\Local\Programs\MiKTeX 2.9\tex/latex/amsfonts\umsb
.fd"
File: umsb.fd 2013/01/14 v3.01 AMS symbols B
)
Underfull \hbox (badness 10000) in paragraph at lines 141--142

 []


Underfull \hbox (badness 10000) in paragraph at lines 179--180

 []


Underfull \hbox (badness 10000) in paragraph at lines 197--198

 []

[1

{C:/Users/Daniel Kim/AppData/Local/MiKTeX/2.9/pdftex/config/pdftex.map}]
[2] (HW2_tex_template.aux) ) 
Here is how much of TeX's memory you used:
 27195 strings out of 492895
 575936 string characters out of 3121398
 651614 words of memory out of 3000000
 30761 multiletter control sequences out of 15000+200000
 534345 words of font info for 33 fonts, out of 3000000 for 9000
 1141 hyphenation exceptions out of 8191
 55i,5n,71p,713b,317s stack positions out of 5000i,500n,10000p,200000b,50000s
<C:/Users/Daniel Kim/AppData/Local/Programs/MiKTeX 
2.9/fonts/type1/public/amsfonts/cm/cmbx10.pfb><C:/Users/Daniel Kim/AppData/Loca
l/Programs/MiKTeX 2.9/fonts/type1/public/amsfonts/cm/cmmi10.pfb><C:/Users/Danie
l Kim/AppData/Local/Programs/MiKTeX 2.9/fonts/type1/public/amsfonts/cm/cmr10.pf
b><C:/Users/Daniel Kim/AppData/Local/Programs/MiKTeX 2.9/fonts/type1/public/ams
fonts/cm/cmsy10.pfb>
Output written on HW2_tex_template.pdf (2 pages, 66460 bytes).
PDF statistics:
 28 PDF objects out of 1000 (max. 8388607)
 0 named destinations out of 1000 (max. 500000)
 13 words of extra memory for PDF output out of 10000 (max. 10000000)

